<?xml version="1.0" encoding="utf-8"?><testsuites><testsuite name="pytest" errors="0" failures="0" skipped="0" tests="13" time="3.802" timestamp="2025-05-20T03:52:29.889462+00:00" hostname="pkrvmf6wy0o8zjz"><testcase classname="test_database_connections.TestDatabaseConnections" name="test_mongodb_connection" time="0.011" /><testcase classname="test_database_connections.TestDatabaseConnections" name="test_postgresql_connection" time="0.008" /><testcase classname="test_database_connections.TestDatabaseConnections" name="test_redis_connection" time="0.002" /><testcase classname="test_init.TestBooksAPI" name="test_create_book" time="0.070" /><testcase classname="test_init.TestBooksAPI" name="test_delete_book" time="0.008" /><testcase classname="test_init.TestBooksAPI" name="test_delete_nonexistent_book" time="0.003" /><testcase classname="test_init.TestBooksAPI" name="test_get_book" time="0.005" /><testcase classname="test_init.TestBooksAPI" name="test_get_books_empty" time="0.003" /><testcase classname="test_init.TestBooksAPI" name="test_get_nonexistent_book" time="0.003" /><testcase classname="test_init.TestBooksAPI" name="test_openapi_schema" time="0.022" /><testcase classname="test_init.TestBooksAPI" name="test_read_root" time="0.003" /><testcase classname="test_init.TestBooksAPI" name="test_update_book" time="0.005" /><testcase classname="test_init.TestBooksAPI" name="test_update_nonexistent_book" time="0.003" /></testsuite></testsuites>