<?xml version="1.0" encoding="utf-8"?><testsuites><testsuite name="pytest" errors="0" failures="0" skipped="0" tests="6" time="3.941" timestamp="2025-05-28T21:40:26.317764+00:00" hostname="pkrvmf6wy0o8zjz"><testcase classname="test_database_connections.TestDatabaseConnections" name="test_mongodb_connection" time="0.010" /><testcase classname="test_database_connections.TestDatabaseConnections" name="test_postgresql_connection" time="0.008" /><testcase classname="test_database_connections.TestDatabaseConnections" name="test_redis_connection" time="0.002" /><testcase classname="test_repositories.TestBooksRepository" name="test_repository_crud" time="0.091" /><testcase classname="test_responses.TestEnvelopeFormat" name="test_envelope_keys" time="0.093" /><testcase classname="test_services.TestBooksServices" name="test_service_create_retrieve_update_delete_flow" time="0.048" /></testsuite></testsuites>