<?xml version="1.0" encoding="utf-8"?><testsuites><testsuite name="pytest" errors="0" failures="0" skipped="0" tests="6" time="3.980" timestamp="2025-05-28T22:43:10.088441+00:00" hostname="pkrvmf6wy0o8zjz"><testcase classname="test_database_connections.TestDatabaseConnections" name="test_mongodb_connection" time="0.011" /><testcase classname="test_database_connections.TestDatabaseConnections" name="test_postgresql_connection" time="0.007" /><testcase classname="test_database_connections.TestDatabaseConnections" name="test_redis_connection" time="0.002" /><testcase classname="test_repositories.TestBooksRepository" name="test_repository_crud" time="0.087" /><testcase classname="test_responses.TestEnvelopeFormat" name="test_envelope_keys" time="0.083" /><testcase classname="test_services.TestBooksServices" name="test_service_create_retrieve_update_delete_flow" time="0.048" /></testsuite></testsuites>